This is XeTeX, Version 3.141592653-2.6-0.999993 (TeX Live 2021) (preloaded format=xelatex 2021.4.14)  31 JUL 2021 14:29
entering extended mode
 restricted \write18 enabled.
 %&-line parsing enabled.
**settings.tex
(./settings.tex
LaTeX2e <2020-10-01> patch level 4
L3 programming layer <2021-02-18>

! LaTeX Error: \usepackage before \documentclass.

See the LaTeX manual or LaTeX Companion for explanation.
Type  H <return>  for immediate help.
 ...                                              
                                                  
l.2 \usepackage{
                gensymb,amssymb}
? 
! Emergency stop.
 ...                                              
                                                  
l.2 \usepackage{
                gensymb,amssymb}
\usepackage may only appear in the document preamble, i.e.,
between \documentclass and \begin{document}.

 
Here is how much of TeX's memory you used:
 16 strings out of 478436
 443 string characters out of 5854824
 286490 words of memory out of 5000000
 20029 multiletter control sequences out of 15000+600000
 403430 words of font info for 27 fonts, out of 8000000 for 9000
 319 hyphenation exceptions out of 8191
 12i,0n,15p,56b,14s stack positions out of 5000i,500n,10000p,200000b,80000s
No pages of output.
